app/build/intermediates/manifest_merge_blame_file/release/processReleaseMainManifest/manifest-merger-blame-release-report.txt
1<?xml version="1.0" encoding="utf-8"?>
2<manifest xmlns:android="http://schemas.android.com/apk/res/android"
3    package="com.amc.celendinapp"
4    android:versionCode="1"
5    android:versionName="1.0" >
6
7    <uses-sdk
8        android:minSdkVersion="24"
9        android:targetSdkVersion="36" />
10
11    <uses-permission android:name="android.permission.INTERNET" />
11-->src/main/AndroidManifest.xml:5:5-67
11-->src/main/AndroidManifest.xml:5:22-64
12    <uses-permission android:name="android.permission.ACCESS_FINE_LOCATION" />
12-->src/main/AndroidManifest.xml:6:5-79
12-->src/main/AndroidManifest.xml:6:22-76
13    <uses-permission android:name="android.permission.ACCESS_COARSE_LOCATION" />
13-->src/main/AndroidManifest.xml:7:5-81
13-->src/main/AndroidManifest.xml:7:22-78
14    <uses-permission
14-->src/main/AndroidManifest.xml:8:5-107
15        android:name="android.permission.READ_EXTERNAL_STORAGE"
15-->src/main/AndroidManifest.xml:8:22-77
16        android:maxSdkVersion="32" />
16-->src/main/AndroidManifest.xml:8:78-104
17
18    <!-- Necesario para detectar si WhatsApp está instalado en Android 11+ -->
19    <queries>
19-->src/main/AndroidManifest.xml:11:5-13:15
20        <package android:name="com.whatsapp" />
20-->src/main/AndroidManifest.xml:12:9-48
20-->src/main/AndroidManifest.xml:12:18-45
21        <!-- Needs to be explicitly declared on Android R+ -->
22        <package android:name="com.google.android.apps.maps" />
22-->[com.google.android.gms:play-services-maps:19.0.0] AndroidManifest.xml:33:9-64
22-->[com.google.android.gms:play-services-maps:19.0.0] AndroidManifest.xml:33:18-61
23    </queries>
24
25    <!-- Include required permissions for Google Maps API to run. -->
26    <uses-permission android:name="android.permission.ACCESS_NETWORK_STATE" />
26-->[com.google.android.gms:play-services-maps:19.0.0] AndroidManifest.xml:23:5-79
26-->[com.google.android.gms:play-services-maps:19.0.0] AndroidManifest.xml:23:22-76
27
28    <uses-feature
28-->[com.google.android.gms:play-services-maps:19.0.0] AndroidManifest.xml:26:5-28:35
29        android:glEsVersion="0x00020000"
29-->[com.google.android.gms:play-services-maps:19.0.0] AndroidManifest.xml:27:9-41
30        android:required="true" />
30-->[com.google.android.gms:play-services-maps:19.0.0] AndroidManifest.xml:28:9-32
31
32    <permission
32-->[androidx.core:core:1.17.0] AndroidManifest.xml:22:5-24:47
33        android:name="com.amc.celendinapp.DYNAMIC_RECEIVER_NOT_EXPORTED_PERMISSION"
33-->[androidx.core:core:1.17.0] AndroidManifest.xml:23:9-81
34        android:protectionLevel="signature" />
34-->[androidx.core:core:1.17.0] AndroidManifest.xml:24:9-44
35
36    <uses-permission android:name="com.amc.celendinapp.DYNAMIC_RECEIVER_NOT_EXPORTED_PERMISSION" />
36-->[androidx.core:core:1.17.0] AndroidManifest.xml:26:5-97
36-->[androidx.core:core:1.17.0] AndroidManifest.xml:26:22-94
37
38    <application
38-->src/main/AndroidManifest.xml:15:5-86:19
39        android:allowBackup="true"
39-->src/main/AndroidManifest.xml:16:9-35
40        android:appComponentFactory="androidx.core.app.CoreComponentFactory"
40-->[androidx.core:core:1.17.0] AndroidManifest.xml:28:18-86
41        android:dataExtractionRules="@xml/data_extraction_rules"
41-->src/main/AndroidManifest.xml:17:9-65
42        android:extractNativeLibs="false"
43        android:fullBackupContent="@xml/backup_rules"
43-->src/main/AndroidManifest.xml:18:9-54
44        android:icon="@mipmap/ic_launcher"
44-->src/main/AndroidManifest.xml:19:9-43
45        android:label="@string/app_name"
45-->src/main/AndroidManifest.xml:20:9-41
46        android:networkSecurityConfig="@xml/network_security_config"
46-->src/main/AndroidManifest.xml:24:9-69
47        android:roundIcon="@mipmap/ic_launcher_round"
47-->src/main/AndroidManifest.xml:21:9-54
48        android:supportsRtl="true"
48-->src/main/AndroidManifest.xml:22:9-35
49        android:theme="@style/Theme.CelendinApp"
49-->src/main/AndroidManifest.xml:25:9-49
50        android:usesCleartextTraffic="true" >
50-->src/main/AndroidManifest.xml:23:9-44
51        <meta-data
52            android:name="com.google.android.geo.API_KEY"
52-->src/main/AndroidManifest.xml:28:13-58
53            android:value="AIzaSyBGGjL0udDhD4VCGA5gvq24KaPYKANeosw" />
53-->src/main/AndroidManifest.xml:29:13-44
54
55        <activity
55-->src/main/AndroidManifest.xml:31:9-74:20
56            android:name="com.amc.celendinapp.MainActivity"
56-->src/main/AndroidManifest.xml:32:13-41
57            android:exported="true"
57-->src/main/AndroidManifest.xml:33:13-36
58            android:label="@string/app_name"
58-->src/main/AndroidManifest.xml:35:13-45
59            android:launchMode="singleTask"
59-->src/main/AndroidManifest.xml:34:13-44
60            android:theme="@style/Theme.CelendinApp" >
60-->src/main/AndroidManifest.xml:36:13-53
61            <intent-filter>
61-->src/main/AndroidManifest.xml:37:13-40:29
62                <action android:name="android.intent.action.MAIN" />
62-->src/main/AndroidManifest.xml:38:17-69
62-->src/main/AndroidManifest.xml:38:25-66
63
64                <category android:name="android.intent.category.LAUNCHER" />
64-->src/main/AndroidManifest.xml:39:17-77
64-->src/main/AndroidManifest.xml:39:27-74
65            </intent-filter>
66
67            <!-- Filtro para JSON -->
68            <intent-filter>
68-->src/main/AndroidManifest.xml:43:13-50:29
69                <action android:name="android.intent.action.VIEW" />
69-->src/main/AndroidManifest.xml:44:17-69
69-->src/main/AndroidManifest.xml:44:25-66
70
71                <category android:name="android.intent.category.DEFAULT" />
71-->src/main/AndroidManifest.xml:45:17-76
71-->src/main/AndroidManifest.xml:45:27-73
72                <category android:name="android.intent.category.BROWSABLE" />
72-->src/main/AndroidManifest.xml:46:17-78
72-->src/main/AndroidManifest.xml:46:27-75
73
74                <data android:scheme="content" />
74-->src/main/AndroidManifest.xml:47:17-50
74-->src/main/AndroidManifest.xml:47:23-47
75                <data android:scheme="file" />
75-->src/main/AndroidManifest.xml:47:17-50
75-->src/main/AndroidManifest.xml:47:23-47
76                <data android:mimeType="application/json" />
76-->src/main/AndroidManifest.xml:47:17-50
76-->src/main/AndroidManifest.xml:49:23-58
77            </intent-filter>
78
79            <!-- Filtro para KMZ -->
80            <intent-filter>
80-->src/main/AndroidManifest.xml:53:13-60:29
81                <action android:name="android.intent.action.VIEW" />
81-->src/main/AndroidManifest.xml:44:17-69
81-->src/main/AndroidManifest.xml:44:25-66
82
83                <category android:name="android.intent.category.DEFAULT" />
83-->src/main/AndroidManifest.xml:45:17-76
83-->src/main/AndroidManifest.xml:45:27-73
84                <category android:name="android.intent.category.BROWSABLE" />
84-->src/main/AndroidManifest.xml:46:17-78
84-->src/main/AndroidManifest.xml:46:27-75
85
86                <data android:scheme="content" />
86-->src/main/AndroidManifest.xml:47:17-50
86-->src/main/AndroidManifest.xml:47:23-47
87                <data android:scheme="file" />
87-->src/main/AndroidManifest.xml:47:17-50
87-->src/main/AndroidManifest.xml:47:23-47
88                <data android:mimeType="application/vnd.google-earth.kmz" />
88-->src/main/AndroidManifest.xml:47:17-50
88-->src/main/AndroidManifest.xml:49:23-58
89            </intent-filter>
90
91            <!-- Filtro de respaldo por extensión -->
92            <intent-filter>
92-->src/main/AndroidManifest.xml:63:13-73:29
93                <action android:name="android.intent.action.VIEW" />
93-->src/main/AndroidManifest.xml:44:17-69
93-->src/main/AndroidManifest.xml:44:25-66
94
95                <category android:name="android.intent.category.DEFAULT" />
95-->src/main/AndroidManifest.xml:45:17-76
95-->src/main/AndroidManifest.xml:45:27-73
96                <category android:name="android.intent.category.BROWSABLE" />
96-->src/main/AndroidManifest.xml:46:17-78
96-->src/main/AndroidManifest.xml:46:27-75
97
98                <data android:scheme="content" />
98-->src/main/AndroidManifest.xml:47:17-50
98-->src/main/AndroidManifest.xml:47:23-47
99                <data android:scheme="file" />
99-->src/main/AndroidManifest.xml:47:17-50
99-->src/main/AndroidManifest.xml:47:23-47
100                <data android:mimeType="application/octet-stream" />
100-->src/main/AndroidManifest.xml:47:17-50
100-->src/main/AndroidManifest.xml:49:23-58
101                <data android:host="*" />
101-->src/main/AndroidManifest.xml:47:17-50
101-->src/main/AndroidManifest.xml:70:23-39
102                <data android:pathPattern=".*\\.json" />
102-->src/main/AndroidManifest.xml:47:17-50
102-->src/main/AndroidManifest.xml:71:23-54
103                <data android:pathPattern=".*\\.kmz" />
103-->src/main/AndroidManifest.xml:47:17-50
103-->src/main/AndroidManifest.xml:71:23-54
104            </intent-filter>
105        </activity>
106
107        <provider
108            android:name="androidx.core.content.FileProvider"
108-->src/main/AndroidManifest.xml:77:13-62
109            android:authorities="com.amc.celendinapp.fileprovider"
109-->src/main/AndroidManifest.xml:78:13-64
110            android:exported="false"
110-->src/main/AndroidManifest.xml:79:13-37
111            android:grantUriPermissions="true" >
111-->src/main/AndroidManifest.xml:80:13-47
112            <meta-data
112-->src/main/AndroidManifest.xml:81:13-83:54
113                android:name="android.support.FILE_PROVIDER_PATHS"
113-->src/main/AndroidManifest.xml:82:17-67
114                android:resource="@xml/file_paths" />
114-->src/main/AndroidManifest.xml:83:17-51
115        </provider>
116
117        <!-- Needs to be explicitly declared on P+ -->
118        <uses-library
118-->[com.google.android.gms:play-services-maps:19.0.0] AndroidManifest.xml:39:9-41:40
119            android:name="org.apache.http.legacy"
119-->[com.google.android.gms:play-services-maps:19.0.0] AndroidManifest.xml:40:13-50
120            android:required="false" />
120-->[com.google.android.gms:play-services-maps:19.0.0] AndroidManifest.xml:41:13-37
121
122        <activity
122-->[com.google.android.gms:play-services-base:18.5.0] AndroidManifest.xml:5:9-173
123            android:name="com.google.android.gms.common.api.GoogleApiActivity"
123-->[com.google.android.gms:play-services-base:18.5.0] AndroidManifest.xml:5:19-85
124            android:exported="false"
124-->[com.google.android.gms:play-services-base:18.5.0] AndroidManifest.xml:5:146-170
125            android:theme="@android:style/Theme.Translucent.NoTitleBar" />
125-->[com.google.android.gms:play-services-base:18.5.0] AndroidManifest.xml:5:86-145
126
127        <meta-data
127-->[com.google.android.gms:play-services-basement:18.4.0] AndroidManifest.xml:6:9-122
128            android:name="com.google.android.gms.version"
128-->[com.google.android.gms:play-services-basement:18.4.0] AndroidManifest.xml:6:20-65
129            android:value="@integer/google_play_services_version" />
129-->[com.google.android.gms:play-services-basement:18.4.0] AndroidManifest.xml:6:66-119
130
131        <uses-library
131-->[androidx.window:window:1.5.0] AndroidManifest.xml:23:9-25:40
132            android:name="androidx.window.extensions"
132-->[androidx.window:window:1.5.0] AndroidManifest.xml:24:13-54
133            android:required="false" />
133-->[androidx.window:window:1.5.0] AndroidManifest.xml:25:13-37
134        <uses-library
134-->[androidx.window:window:1.5.0] AndroidManifest.xml:26:9-28:40
135            android:name="androidx.window.sidecar"
135-->[androidx.window:window:1.5.0] AndroidManifest.xml:27:13-51
136            android:required="false" />
136-->[androidx.window:window:1.5.0] AndroidManifest.xml:28:13-37
137
138        <provider
138-->[androidx.emoji2:emoji2:1.4.0] AndroidManifest.xml:24:9-32:20
139            android:name="androidx.startup.InitializationProvider"
139-->[androidx.emoji2:emoji2:1.4.0] AndroidManifest.xml:25:13-67
140            android:authorities="com.amc.celendinapp.androidx-startup"
140-->[androidx.emoji2:emoji2:1.4.0] AndroidManifest.xml:26:13-68
141            android:exported="false" >
141-->[androidx.emoji2:emoji2:1.4.0] AndroidManifest.xml:27:13-37
142            <meta-data
142-->[androidx.emoji2:emoji2:1.4.0] AndroidManifest.xml:29:13-31:52
143                android:name="androidx.emoji2.text.EmojiCompatInitializer"
143-->[androidx.emoji2:emoji2:1.4.0] AndroidManifest.xml:30:17-75
144                android:value="androidx.startup" />
144-->[androidx.emoji2:emoji2:1.4.0] AndroidManifest.xml:31:17-49
145            <meta-data
145-->[androidx.lifecycle:lifecycle-process:2.9.4] AndroidManifest.xml:29:13-31:52
146                android:name="androidx.lifecycle.ProcessLifecycleInitializer"
146-->[androidx.lifecycle:lifecycle-process:2.9.4] AndroidManifest.xml:30:17-78
147                android:value="androidx.startup" />
147-->[androidx.lifecycle:lifecycle-process:2.9.4] AndroidManifest.xml:31:17-49
148            <meta-data
148-->[androidx.profileinstaller:profileinstaller:1.4.0] AndroidManifest.xml:29:13-31:52
149                android:name="androidx.profileinstaller.ProfileInstallerInitializer"
149-->[androidx.profileinstaller:profileinstaller:1.4.0] AndroidManifest.xml:30:17-85
150                android:value="androidx.startup" />
150-->[androidx.profileinstaller:profileinstaller:1.4.0] AndroidManifest.xml:31:17-49
151        </provider>
152
153        <receiver
153-->[androidx.profileinstaller:profileinstaller:1.4.0] AndroidManifest.xml:34:9-52:20
154            android:name="androidx.profileinstaller.ProfileInstallReceiver"
154-->[androidx.profileinstaller:profileinstaller:1.4.0] AndroidManifest.xml:35:13-76
155            android:directBootAware="false"
155-->[androidx.profileinstaller:profileinstaller:1.4.0] AndroidManifest.xml:36:13-44
156            android:enabled="true"
156-->[androidx.profileinstaller:profileinstaller:1.4.0] AndroidManifest.xml:37:13-35
157            android:exported="true"
157-->[androidx.profileinstaller:profileinstaller:1.4.0] AndroidManifest.xml:38:13-36
158            android:permission="android.permission.DUMP" >
158-->[androidx.profileinstaller:profileinstaller:1.4.0] AndroidManifest.xml:39:13-57
159            <intent-filter>
159-->[androidx.profileinstaller:profileinstaller:1.4.0] AndroidManifest.xml:40:13-42:29
160                <action android:name="androidx.profileinstaller.action.INSTALL_PROFILE" />
160-->[androidx.profileinstaller:profileinstaller:1.4.0] AndroidManifest.xml:41:17-91
160-->[androidx.profileinstaller:profileinstaller:1.4.0] AndroidManifest.xml:41:25-88
161            </intent-filter>
162            <intent-filter>
162-->[androidx.profileinstaller:profileinstaller:1.4.0] AndroidManifest.xml:43:13-45:29
163                <action android:name="androidx.profileinstaller.action.SKIP_FILE" />
163-->[androidx.profileinstaller:profileinstaller:1.4.0] AndroidManifest.xml:44:17-85
163-->[androidx.profileinstaller:profileinstaller:1.4.0] AndroidManifest.xml:44:25-82
164            </intent-filter>
165            <intent-filter>
165-->[androidx.profileinstaller:profileinstaller:1.4.0] AndroidManifest.xml:46:13-48:29
166                <action android:name="androidx.profileinstaller.action.SAVE_PROFILE" />
166-->[androidx.profileinstaller:profileinstaller:1.4.0] AndroidManifest.xml:47:17-88
166-->[androidx.profileinstaller:profileinstaller:1.4.0] AndroidManifest.xml:47:25-85
167            </intent-filter>
168            <intent-filter>
168-->[androidx.profileinstaller:profileinstaller:1.4.0] AndroidManifest.xml:49:13-51:29
169                <action android:name="androidx.profileinstaller.action.BENCHMARK_OPERATION" />
169-->[androidx.profileinstaller:profileinstaller:1.4.0] AndroidManifest.xml:50:17-95
169-->[androidx.profileinstaller:profileinstaller:1.4.0] AndroidManifest.xml:50:25-92
170            </intent-filter>
171        </receiver>
172    </application>
173
174</manifest>